# JRE version: OpenJDK Runtime Environment (23.0.1+11) (build 23.0.1+11-39)
# Java VM: OpenJDK 64-Bit Server VM (23.0.1+11-39, mixed mode, sharing, tiered, compressed oops, compressed class ptrs, g1 gc, windows-amd64)
GC Precious Log:
 CardTable entry size: 512
 Card Set container configuration: InlinePtr #cards 5 size 8 Array Of Cards #cards 10 size 36 Howl #buckets 4 coarsen threshold 1843 Howl Bitmap #cards 512 size 80 coarsen threshold 460 Card regions per heap region 1 cards per card region 2048
 CPUs: 4 total, 4 available
 Memory: 3066M
 Large Page Support: Disabled
 NUMA Support: Disabled
 Compressed Oops: Enabled (32-bit)
 Heap Region Size: 1M
 Heap Min Capacity: 8M
 Heap Initial Capacity: 48M
 Heap Max Capacity: 768M
 Pre-touch: Disabled
 Parallel Workers: 4
 Concurrent Workers: 1
 Concurrent Refinement Workers: 4
 Periodic GC: Disabled
Heap:
 garbage-first heap   total reserved 786432K, committed 49152K, used 10100K [0x00000000d0000000, 0x0000000100000000)
  region size 1024K, 6 young (6144K), 3 survivors (3072K)
 Metaspace       used 19661K, committed 20096K, reserved 1114112K
  class space    used 2348K, committed 2560K, reserved 1048576K
GC Heap History (6 events):
Event: 1.939 GC heap before
{Heap before GC invocations=0 (full 0):
 garbage-first heap   total reserved 786432K, committed 49152K, used 15360K [0x00000000d0000000, 0x0000000100000000)
  region size 1024K, 14 young (14336K), 0 survivors (0K)
 Metaspace       used 7177K, committed 7296K, reserved 1114112K
  class space    used 760K, committed 832K, reserved 1048576K
}
Event: 1.953 GC heap after
{Heap after GC invocations=1 (full 0):
 garbage-first heap   total reserved 786432K, committed 49152K, used 4448K [0x00000000d0000000, 0x0000000100000000)
  region size 1024K, 2 young (2048K), 2 survivors (2048K)
 Metaspace       used 7177K, committed 7296K, reserved 1114112K
  class space    used 760K, committed 832K, reserved 1048576K
}
Event: 2.874 GC heap before
{Heap before GC invocations=1 (full 0):
 garbage-first heap   total reserved 786432K, committed 49152K, used 15712K [0x00000000d0000000, 0x0000000100000000)
  region size 1024K, 14 young (14336K), 2 survivors (2048K)
 Metaspace       used 11366K, committed 11712K, reserved 1114112K
  class space    used 1297K, committed 1472K, reserved 1048576K
}
Event: 2.883 GC heap after
{Heap after GC invocations=2 (full 0):
 garbage-first heap   total reserved 786432K, committed 49152K, used 5485K [0x00000000d0000000, 0x0000000100000000)
  region size 1024K, 1 young (1024K), 1 survivors (1024K)
 Metaspace       used 11366K, committed 11712K, reserved 1114112K
  class space    used 1297K, committed 1472K, reserved 1048576K
}
Event: 5.285 GC heap before
{Heap before GC invocations=2 (full 0):
 garbage-first heap   total reserved 786432K, committed 49152K, used 26989K [0x00000000d0000000, 0x0000000100000000)
  region size 1024K, 22 young (22528K), 1 survivors (1024K)
 Metaspace       used 19027K, committed 19456K, reserved 1114112K
  class space    used 2237K, committed 2432K, reserved 1048576K
}
Event: 5.294 GC heap after
{Heap after GC invocations=3 (full 0):
 garbage-first heap   total reserved 786432K, committed 49152K, used 8052K [0x00000000d0000000, 0x0000000100000000)
  region size 1024K, 3 young (3072K), 3 survivors (3072K)
 Metaspace       used 19027K, committed 19456K, reserved 1114112K
  class space    used 2237K, committed 2432K, reserved 1048576K
}

